<?xml version="1.0" encoding="UTF-8"?>
<!-- Generated by org.testng.reporters.JUnitReportReporter -->
<testsuite hostname="DESKTOP-UJEM81M" failures="0" tests="2" name="AppTest.AppTest" time="0.787" errors="0" timestamp="2025-04-19T11:48:43 GMT+03:00" skipped="1">
  <testcase classname="AppTest.AppTest" name="FillingtheInputFields" time="0.787"/>
  <system-out/>
  <testcase classname="AppTest.AppTest" name="ScrollTest">
    <skipped/>
  </testcase> <!-- ScrollTest -->
  <system-out/>
</testsuite> <!-- AppTest.AppTest -->
